# JRE version: OpenJDK Runtime Environment (8.0_265-b01) (build 1.8.0_265-b01)
# Java VM: OpenJDK 64-Bit Server VM (25.265-b01 mixed mode windows-amd64 compressed oops)
Heap:
 PSYoungGen      total 103424K, used 92672K [0x00000000f5580000, 0x00000000fdf00000, 0x0000000100000000)
  eden space 92672K, 100% used [0x00000000f5580000,0x00000000fb000000,0x00000000fb000000)
  from space 10752K, 0% used [0x00000000fb180000,0x00000000fb180000,0x00000000fbc00000)
  to   space 24064K, 41% used [0x00000000fc780000,0x00000000fd131630,0x00000000fdf00000)
 ParOldGen       total 349696K, used 62414K [0x00000000e0000000, 0x00000000f5580000, 0x00000000f5580000)
  object space 349696K, 17% used [0x00000000e0000000,0x00000000e3cf3a00,0x00000000f5580000)
 Metaspace       used 92557K, capacity 103500K, committed 104064K, reserved 1138688K
  class space    used 12561K, capacity 15041K, committed 15232K, reserved 1048576K
GC Heap History (10 events):
Event: 8425.989 GC heap after
Heap after GC invocations=35 (full 3):
 PSYoungGen      total 121344K, used 6176K [0x00000000f5580000, 0x00000000fe580000, 0x0000000100000000)
  eden space 97280K, 0% used [0x00000000f5580000,0x00000000f5580000,0x00000000fb480000)
  from space 24064K, 25% used [0x00000000fce00000,0x00000000fd408158,0x00000000fe580000)
  to   space 25088K, 0% used [0x00000000fb480000,0x00000000fb480000,0x00000000fcd00000)
 ParOldGen       total 248832K, used 69193K [0x00000000e0000000, 0x00000000ef300000, 0x00000000f5580000)
  object space 248832K, 27% used [0x00000000e0000000,0x00000000e43925d0,0x00000000ef300000)
 Metaspace       used 80520K, capacity 90805K, committed 91008K, reserved 1126400K
  class space    used 11038K, capacity 13341K, committed 13440K, reserved 1048576K
}
Event: 9281.660 GC heap before
{Heap before GC invocations=36 (full 3):
 PSYoungGen      total 121344K, used 103456K [0x00000000f5580000, 0x00000000fe580000, 0x0000000100000000)
  eden space 97280K, 100% used [0x00000000f5580000,0x00000000fb480000,0x00000000fb480000)
  from space 24064K, 25% used [0x00000000fce00000,0x00000000fd408158,0x00000000fe580000)
  to   space 25088K, 0% used [0x00000000fb480000,0x00000000fb480000,0x00000000fcd00000)
 ParOldGen       total 248832K, used 69193K [0x00000000e0000000, 0x00000000ef300000, 0x00000000f5580000)
  object space 248832K, 27% used [0x00000000e0000000,0x00000000e43925d0,0x00000000ef300000)
 Metaspace       used 80566K, capacity 90817K, committed 91008K, reserved 1126400K
  class space    used 11039K, capacity 13343K, committed 13440K, reserved 1048576K
Event: 9281.674 GC heap after
Heap after GC invocations=36 (full 3):
 PSYoungGen      total 105472K, used 9334K [0x00000000f5580000, 0x00000000fe300000, 0x0000000100000000)
  eden space 95744K, 0% used [0x00000000f5580000,0x00000000f5580000,0x00000000fb300000)
  from space 9728K, 95% used [0x00000000fb480000,0x00000000fbd9d9a8,0x00000000fbe00000)
  to   space 24576K, 0% used [0x00000000fcb00000,0x00000000fcb00000,0x00000000fe300000)
 ParOldGen       total 248832K, used 71288K [0x00000000e0000000, 0x00000000ef300000, 0x00000000f5580000)
  object space 248832K, 28% used [0x00000000e0000000,0x00000000e459e060,0x00000000ef300000)
 Metaspace       used 80566K, capacity 90817K, committed 91008K, reserved 1126400K
  class space    used 11039K, capacity 13343K, committed 13440K, reserved 1048576K
}
Event: 9401.878 GC heap before
{Heap before GC invocations=37 (full 3):
 PSYoungGen      total 105472K, used 105078K [0x00000000f5580000, 0x00000000fe300000, 0x0000000100000000)
  eden space 95744K, 100% used [0x00000000f5580000,0x00000000fb300000,0x00000000fb300000)
  from space 9728K, 95% used [0x00000000fb480000,0x00000000fbd9d9a8,0x00000000fbe00000)
  to   space 24576K, 0% used [0x00000000fcb00000,0x00000000fcb00000,0x00000000fe300000)
 ParOldGen       total 248832K, used 71288K [0x00000000e0000000, 0x00000000ef300000, 0x00000000f5580000)
  object space 248832K, 28% used [0x00000000e0000000,0x00000000e459e060,0x00000000ef300000)
 Metaspace       used 81814K, capacity 92131K, committed 92416K, reserved 1128448K
  class space    used 11184K, capacity 13488K, committed 13568K, reserved 1048576K
Event: 9401.885 GC heap after
Heap after GC invocations=37 (full 3):
 PSYoungGen      total 118272K, used 5225K [0x00000000f5580000, 0x00000000fe280000, 0x0000000100000000)
  eden space 94208K, 0% used [0x00000000f5580000,0x00000000f5580000,0x00000000fb180000)
  from space 24064K, 21% used [0x00000000fcb00000,0x00000000fd01a668,0x00000000fe280000)
  to   space 25088K, 0% used [0x00000000fb180000,0x00000000fb180000,0x00000000fca00000)
 ParOldGen       total 248832K, used 71672K [0x00000000e0000000, 0x00000000ef300000, 0x00000000f5580000)
  object space 248832K, 28% used [0x00000000e0000000,0x00000000e45fe060,0x00000000ef300000)
 Metaspace       used 81814K, capacity 92131K, committed 92416K, reserved 1128448K
  class space    used 11184K, capacity 13488K, committed 13568K, reserved 1048576K
}
Event: 9417.416 GC heap before
{Heap before GC invocations=38 (full 3):
 PSYoungGen      total 118272K, used 57452K [0x00000000f5580000, 0x00000000fe280000, 0x0000000100000000)
  eden space 94208K, 55% used [0x00000000f5580000,0x00000000f8880a68,0x00000000fb180000)
  from space 24064K, 21% used [0x00000000fcb00000,0x00000000fd01a668,0x00000000fe280000)
  to   space 25088K, 0% used [0x00000000fb180000,0x00000000fb180000,0x00000000fca00000)
 ParOldGen       total 248832K, used 71672K [0x00000000e0000000, 0x00000000ef300000, 0x00000000f5580000)
  object space 248832K, 28% used [0x00000000e0000000,0x00000000e45fe060,0x00000000ef300000)
 Metaspace       used 87932K, capacity 98399K, committed 98560K, reserved 1134592K
  class space    used 11930K, capacity 14280K, committed 14336K, reserved 1048576K
Event: 9417.423 GC heap after
Heap after GC invocations=38 (full 3):
 PSYoungGen      total 103424K, used 10652K [0x00000000f5580000, 0x00000000fdf00000, 0x0000000100000000)
  eden space 92672K, 0% used [0x00000000f5580000,0x00000000f5580000,0x00000000fb000000)
  from space 10752K, 99% used [0x00000000fb180000,0x00000000fbbe71f8,0x00000000fbc00000)
  to   space 24064K, 0% used [0x00000000fc780000,0x00000000fc780000,0x00000000fdf00000)
 ParOldGen       total 248832K, used 71808K [0x00000000e0000000, 0x00000000ef300000, 0x00000000f5580000)
  object space 248832K, 28% used [0x00000000e0000000,0x00000000e4620070,0x00000000ef300000)
 Metaspace       used 87932K, capacity 98399K, committed 98560K, reserved 1134592K
  class space    used 11930K, capacity 14280K, committed 14336K, reserved 1048576K
}
Event: 9417.423 GC heap before
{Heap before GC invocations=39 (full 4):
 PSYoungGen      total 103424K, used 10652K [0x00000000f5580000, 0x00000000fdf00000, 0x0000000100000000)
  eden space 92672K, 0% used [0x00000000f5580000,0x00000000f5580000,0x00000000fb000000)
  from space 10752K, 99% used [0x00000000fb180000,0x00000000fbbe71f8,0x00000000fbc00000)
  to   space 24064K, 0% used [0x00000000fc780000,0x00000000fc780000,0x00000000fdf00000)
 ParOldGen       total 248832K, used 71808K [0x00000000e0000000, 0x00000000ef300000, 0x00000000f5580000)
  object space 248832K, 28% used [0x00000000e0000000,0x00000000e4620070,0x00000000ef300000)
 Metaspace       used 87932K, capacity 98399K, committed 98560K, reserved 1134592K
  class space    used 11930K, capacity 14280K, committed 14336K, reserved 1048576K
Event: 9417.703 GC heap after
Heap after GC invocations=39 (full 4):
 PSYoungGen      total 103424K, used 0K [0x00000000f5580000, 0x00000000fdf00000, 0x0000000100000000)
  eden space 92672K, 0% used [0x00000000f5580000,0x00000000f5580000,0x00000000fb000000)
  from space 10752K, 0% used [0x00000000fb180000,0x00000000fb180000,0x00000000fbc00000)
  to   space 24064K, 0% used [0x00000000fc780000,0x00000000fc780000,0x00000000fdf00000)
 ParOldGen       total 349696K, used 62406K [0x00000000e0000000, 0x00000000f5580000, 0x00000000f5580000)
  object space 349696K, 17% used [0x00000000e0000000,0x00000000e3cf1a00,0x00000000f5580000)
 Metaspace       used 87224K, capacity 97042K, committed 98560K, reserved 1134592K
  class space    used 11782K, capacity 14000K, committed 14336K, reserved 1048576K
}
Event: 9418.908 GC heap before
{Heap before GC invocations=40 (full 4):
 PSYoungGen      total 103424K, used 92672K [0x00000000f5580000, 0x00000000fdf00000, 0x0000000100000000)
  eden space 92672K, 100% used [0x00000000f5580000,0x00000000fb000000,0x00000000fb000000)
  from space 10752K, 0% used [0x00000000fb180000,0x00000000fb180000,0x00000000fbc00000)
  to   space 24064K, 0% used [0x00000000fc780000,0x00000000fc780000,0x00000000fdf00000)
 ParOldGen       total 349696K, used 62406K [0x00000000e0000000, 0x00000000f5580000, 0x00000000f5580000)
  object space 349696K, 17% used [0x00000000e0000000,0x00000000e3cf1a00,0x00000000f5580000)
 Metaspace       used 92557K, capacity 103500K, committed 104064K, reserved 1138688K
  class space    used 12561K, capacity 15041K, committed 15232K, reserved 1048576K

