# JRE version: OpenJDK Runtime Environment (8.0_265-b01) (build 1.8.0_265-b01)
# Java VM: OpenJDK 64-Bit Server VM (25.265-b01 mixed mode windows-amd64 compressed oops)
Heap:
 PSYoungGen      total 146944K, used 84092K [0x00000000f5580000, 0x0000000100000000, 0x0000000100000000)
  eden space 119296K, 55% used [0x00000000f5580000,0x00000000f96137a0,0x00000000fca00000)
  from space 27648K, 64% used [0x00000000fe500000,0x00000000ff68ba80,0x0000000100000000)
  to   space 27648K, 0% used [0x00000000fca00000,0x00000000fca00000,0x00000000fe500000)
 ParOldGen       total 283136K, used 56546K [0x00000000e0000000, 0x00000000f1480000, 0x00000000f5580000)
  object space 283136K, 19% used [0x00000000e0000000,0x00000000e37389a0,0x00000000f1480000)
 Metaspace       used 73555K, capacity 80750K, committed 80768K, reserved 1118208K
  class space    used 10498K, capacity 12404K, committed 12416K, reserved 1048576K
GC Heap History (10 events):
Event: 11.934 GC heap before
{Heap before GC invocations=13 (full 2):
 PSYoungGen      total 143360K, used 40221K [0x00000000f5580000, 0x0000000100000000, 0x0000000100000000)
  eden space 122368K, 15% used [0x00000000f5580000,0x00000000f684b4c8,0x00000000fcd00000)
  from space 20992K, 99% used [0x00000000feb80000,0x00000000ffffc040,0x0000000100000000)
  to   space 26112K, 0% used [0x00000000fcd00000,0x00000000fcd00000,0x00000000fe680000)
 ParOldGen       total 181248K, used 39763K [0x00000000e0000000, 0x00000000eb100000, 0x00000000f5580000)
  object space 181248K, 21% used [0x00000000e0000000,0x00000000e26d4c80,0x00000000eb100000)
 Metaspace       used 54588K, capacity 59084K, committed 59160K, reserved 1099776K
  class space    used 7901K, capacity 9293K, committed 9344K, reserved 1048576K
Event: 11.957 GC heap after
Heap after GC invocations=13 (full 2):
 PSYoungGen      total 142848K, used 20133K [0x00000000f5580000, 0x0000000100000000, 0x0000000100000000)
  eden space 122368K, 0% used [0x00000000f5580000,0x00000000f5580000,0x00000000fcd00000)
  from space 20480K, 98% used [0x00000000fcd00000,0x00000000fe0a9560,0x00000000fe100000)
  to   space 27136K, 0% used [0x00000000fe580000,0x00000000fe580000,0x0000000100000000)
 ParOldGen       total 181248K, used 41966K [0x00000000e0000000, 0x00000000eb100000, 0x00000000f5580000)
  object space 181248K, 23% used [0x00000000e0000000,0x00000000e28fbb40,0x00000000eb100000)
 Metaspace       used 54588K, capacity 59084K, committed 59160K, reserved 1099776K
  class space    used 7901K, capacity 9293K, committed 9344K, reserved 1048576K
}
Event: 11.957 GC heap before
{Heap before GC invocations=14 (full 3):
 PSYoungGen      total 142848K, used 20133K [0x00000000f5580000, 0x0000000100000000, 0x0000000100000000)
  eden space 122368K, 0% used [0x00000000f5580000,0x00000000f5580000,0x00000000fcd00000)
  from space 20480K, 98% used [0x00000000fcd00000,0x00000000fe0a9560,0x00000000fe100000)
  to   space 27136K, 0% used [0x00000000fe580000,0x00000000fe580000,0x0000000100000000)
 ParOldGen       total 181248K, used 41966K [0x00000000e0000000, 0x00000000eb100000, 0x00000000f5580000)
  object space 181248K, 23% used [0x00000000e0000000,0x00000000e28fbb40,0x00000000eb100000)
 Metaspace       used 54588K, capacity 59084K, committed 59160K, reserved 1099776K
  class space    used 7901K, capacity 9293K, committed 9344K, reserved 1048576K
Event: 12.306 GC heap after
Heap after GC invocations=14 (full 3):
 PSYoungGen      total 142848K, used 0K [0x00000000f5580000, 0x0000000100000000, 0x0000000100000000)
  eden space 122368K, 0% used [0x00000000f5580000,0x00000000f5580000,0x00000000fcd00000)
  from space 20480K, 0% used [0x00000000fcd00000,0x00000000fcd00000,0x00000000fe100000)
  to   space 27136K, 0% used [0x00000000fe580000,0x00000000fe580000,0x0000000100000000)
 ParOldGen       total 283136K, used 56522K [0x00000000e0000000, 0x00000000f1480000, 0x00000000f5580000)
  object space 283136K, 19% used [0x00000000e0000000,0x00000000e37329a0,0x00000000f1480000)
 Metaspace       used 54547K, capacity 58952K, committed 59160K, reserved 1099776K
  class space    used 7889K, capacity 9271K, committed 9344K, reserved 1048576K
}
Event: 190.146 GC heap before
{Heap before GC invocations=15 (full 3):
 PSYoungGen      total 142848K, used 122368K [0x00000000f5580000, 0x0000000100000000, 0x0000000100000000)
  eden space 122368K, 100% used [0x00000000f5580000,0x00000000fcd00000,0x00000000fcd00000)
  from space 20480K, 0% used [0x00000000fcd00000,0x00000000fcd00000,0x00000000fe100000)
  to   space 27136K, 0% used [0x00000000fe580000,0x00000000fe580000,0x0000000100000000)
 ParOldGen       total 283136K, used 56522K [0x00000000e0000000, 0x00000000f1480000, 0x00000000f5580000)
  object space 283136K, 19% used [0x00000000e0000000,0x00000000e37329a0,0x00000000f1480000)
 Metaspace       used 60503K, capacity 65730K, committed 65792K, reserved 1105920K
  class space    used 8732K, capacity 10236K, committed 10240K, reserved 1048576K
Event: 190.155 GC heap after
Heap after GC invocations=15 (full 3):
 PSYoungGen      total 147968K, used 10354K [0x00000000f5580000, 0x0000000100000000, 0x0000000100000000)
  eden space 120832K, 0% used [0x00000000f5580000,0x00000000f5580000,0x00000000fcb80000)
  from space 27136K, 38% used [0x00000000fe580000,0x00000000fef9ca08,0x0000000100000000)
  to   space 26624K, 0% used [0x00000000fcb80000,0x00000000fcb80000,0x00000000fe580000)
 ParOldGen       total 283136K, used 56530K [0x00000000e0000000, 0x00000000f1480000, 0x00000000f5580000)
  object space 283136K, 19% used [0x00000000e0000000,0x00000000e37349a0,0x00000000f1480000)
 Metaspace       used 60503K, capacity 65730K, committed 65792K, reserved 1105920K
  class space    used 8732K, capacity 10236K, committed 10240K, reserved 1048576K
}
Event: 1742.410 GC heap before
{Heap before GC invocations=16 (full 3):
 PSYoungGen      total 147968K, used 131186K [0x00000000f5580000, 0x0000000100000000, 0x0000000100000000)
  eden space 120832K, 100% used [0x00000000f5580000,0x00000000fcb80000,0x00000000fcb80000)
  from space 27136K, 38% used [0x00000000fe580000,0x00000000fef9ca08,0x0000000100000000)
  to   space 26624K, 0% used [0x00000000fcb80000,0x00000000fcb80000,0x00000000fe580000)
 ParOldGen       total 283136K, used 56530K [0x00000000e0000000, 0x00000000f1480000, 0x00000000f5580000)
  object space 283136K, 19% used [0x00000000e0000000,0x00000000e37349a0,0x00000000f1480000)
 Metaspace       used 68395K, capacity 74326K, committed 74496K, reserved 1112064K
  class space    used 9824K, capacity 11479K, committed 11520K, reserved 1048576K
Event: 1742.426 GC heap after
Heap after GC invocations=16 (full 3):
 PSYoungGen      total 140288K, used 19267K [0x00000000f5580000, 0x0000000100000000, 0x0000000100000000)
  eden space 120832K, 0% used [0x00000000f5580000,0x00000000f5580000,0x00000000fcb80000)
  from space 19456K, 99% used [0x00000000fcb80000,0x00000000fde50f30,0x00000000fde80000)
  to   space 27648K, 0% used [0x00000000fe500000,0x00000000fe500000,0x0000000100000000)
 ParOldGen       total 283136K, used 56538K [0x00000000e0000000, 0x00000000f1480000, 0x00000000f5580000)
  object space 283136K, 19% used [0x00000000e0000000,0x00000000e37369a0,0x00000000f1480000)
 Metaspace       used 68395K, capacity 74326K, committed 74496K, reserved 1112064K
  class space    used 9824K, capacity 11479K, committed 11520K, reserved 1048576K
}
Event: 3181.742 GC heap before
{Heap before GC invocations=17 (full 3):
 PSYoungGen      total 140288K, used 140099K [0x00000000f5580000, 0x0000000100000000, 0x0000000100000000)
  eden space 120832K, 100% used [0x00000000f5580000,0x00000000fcb80000,0x00000000fcb80000)
  from space 19456K, 99% used [0x00000000fcb80000,0x00000000fde50f30,0x00000000fde80000)
  to   space 27648K, 0% used [0x00000000fe500000,0x00000000fe500000,0x0000000100000000)
 ParOldGen       total 283136K, used 56538K [0x00000000e0000000, 0x00000000f1480000, 0x00000000f5580000)
  object space 283136K, 19% used [0x00000000e0000000,0x00000000e37369a0,0x00000000f1480000)
 Metaspace       used 72665K, capacity 79510K, committed 79616K, reserved 1116160K
  class space    used 10433K, capacity 12288K, committed 12288K, reserved 1048576K
Event: 3181.773 GC heap after
Heap after GC invocations=17 (full 3):
 PSYoungGen      total 146944K, used 17966K [0x00000000f5580000, 0x0000000100000000, 0x0000000100000000)
  eden space 119296K, 0% used [0x00000000f5580000,0x00000000f5580000,0x00000000fca00000)
  from space 27648K, 64% used [0x00000000fe500000,0x00000000ff68ba80,0x0000000100000000)
  to   space 27648K, 0% used [0x00000000fca00000,0x00000000fca00000,0x00000000fe500000)
 ParOldGen       total 283136K, used 56546K [0x00000000e0000000, 0x00000000f1480000, 0x00000000f5580000)
  object space 283136K, 19% used [0x00000000e0000000,0x00000000e37389a0,0x00000000f1480000)
 Metaspace       used 72665K, capacity 79510K, committed 79616K, reserved 1116160K
  class space    used 10433K, capacity 12288K, committed 12288K, reserved 1048576K
}

